<?xml version="1.0" encoding="UTF-8"?>
<!-- Generated by org.testng.reporters.JUnitReportReporter -->
<testsuite hostname="L-ANILPATRO-ILB" name="testClasses.FacebookSearch" tests="1" failures="0" timestamp="26 Sep 2015 08:56:49 GMT" time="11.980" errors="0">
  <testcase name="googleLink" time="11.980" classname="testClasses.FacebookSearch"/>
</testsuite> <!-- testClasses.FacebookSearch -->
