<?xml version="1.0" encoding="UTF-8"?>
<!-- Generated by org.testng.reporters.JUnitReportReporter -->
<testsuite hostname="L-ANILPATRO-ILB" name="testClasses.FacebookSearch" tests="1" failures="0" timestamp="2 Oct 2015 09:09:38 GMT" time="11.161" errors="0">
  <testcase name="googleLink" time="11.161" classname="testClasses.FacebookSearch"/>
</testsuite>
