<?xml version="1.0" encoding="UTF-8"?>
<!-- Generated by org.testng.reporters.JUnitReportReporter -->
<testsuite hostname="L-ANILPATRO-ILB" name="testClasses.FacebookSearch" tests="1" failures="0" timestamp="20 Sep 2015 07:18:20 GMT" time="19.127" errors="0">
  <testcase name="googleLink" time="19.127" classname="testClasses.FacebookSearch"/>
</testsuite>
